<?xml version="1.0" encoding="UTF-8"?>
<testng-results ignored="0" total="1" passed="1" failed="0" skipped="0">
  <reporter-output>
  </reporter-output>
  <suite started-at="2024-03-09T09:03:43 IST" name="Default suite" finished-at="2024-03-09T09:03:57 IST" duration-ms="13816">
    <groups>
    </groups>
    <test started-at="2024-03-09T09:03:43 IST" name="Default test" finished-at="2024-03-09T09:03:57 IST" duration-ms="13816">
      <class name="testpkg.Fblogintest">
        <test-method is-config="true" signature="setUp()[pri:0, instance:testpkg.Fblogintest@3646a422]" started-at="2024-03-09T09:03:43 IST" name="setUp" finished-at="2024-03-09T09:03:47 IST" duration-ms="4055" status="PASS">
          <reporter-output>
          </reporter-output>
        </test-method> <!-- setUp -->
        <test-method signature="verifyLoginWithValidCred()[pri:0, instance:testpkg.Fblogintest@3646a422]" started-at="2024-03-09T09:03:47 IST" name="verifyLoginWithValidCred" finished-at="2024-03-09T09:03:57 IST" duration-ms="9707" status="PASS">
          <reporter-output>
          </reporter-output>
        </test-method> <!-- verifyLoginWithValidCred -->
      </class> <!-- testpkg.Fblogintest -->
    </test> <!-- Default test -->
  </suite> <!-- Default suite -->
</testng-results>
